# JRE version: OpenJDK Runtime Environment (8.0_242-b01) (build 1.8.0_242-release-1644-b01)
# Java VM: OpenJDK 64-Bit Server VM (25.242-b01 mixed mode windows-amd64 compressed oops)
Heap:
 PSYoungGen      total 149504K, used 74906K [0x00000000d5580000, 0x00000000e1b80000, 0x0000000100000000)
  eden space 137728K, 45% used [0x00000000d5580000,0x00000000d932d740,0x00000000ddc00000)
  from space 11776K, 99% used [0x00000000ddc00000,0x00000000de779310,0x00000000de780000)
  to   space 16384K, 0% used [0x00000000e0b80000,0x00000000e0b80000,0x00000000e1b80000)
 ParOldGen       total 87552K, used 23416K [0x0000000080000000, 0x0000000085580000, 0x00000000d5580000)
  object space 87552K, 26% used [0x0000000080000000,0x00000000816de3e8,0x0000000085580000)
 Metaspace       used 56295K, capacity 58644K, committed 58920K, reserved 1099776K
  class space    used 7710K, capacity 8213K, committed 8240K, reserved 1048576K
GC Heap History (10 events):
Event: 5.219 GC heap before
{Heap before GC invocations=9 (full 1):
 PSYoungGen      total 76800K, used 74177K [0x00000000d5580000, 0x00000000dcf80000, 0x0000000100000000)
  eden space 65536K, 100% used [0x00000000d5580000,0x00000000d9580000,0x00000000d9580000)
  from space 11264K, 76% used [0x00000000d9580000,0x00000000d9df04c0,0x00000000da080000)
  to   space 11776K, 0% used [0x00000000dc400000,0x00000000dc400000,0x00000000dcf80000)
 ParOldGen       total 60928K, used 9071K [0x0000000080000000, 0x0000000083b80000, 0x00000000d5580000)
  object space 60928K, 14% used [0x0000000080000000,0x00000000808dbd30,0x0000000083b80000)
 Metaspace       used 32996K, capacity 34098K, committed 34352K, reserved 1079296K
  class space    used 4512K, capacity 4790K, committed 4912K, reserved 1048576K
Event: 5.227 GC heap after
Heap after GC invocations=9 (full 1):
 PSYoungGen      total 112640K, used 9456K [0x00000000d5580000, 0x00000000dd100000, 0x0000000100000000)
  eden space 100864K, 0% used [0x00000000d5580000,0x00000000d5580000,0x00000000db800000)
  from space 11776K, 80% used [0x00000000dc400000,0x00000000dcd3c0f8,0x00000000dcf80000)
  to   space 12288K, 0% used [0x00000000db800000,0x00000000db800000,0x00000000dc400000)
 ParOldGen       total 60928K, used 9079K [0x0000000080000000, 0x0000000083b80000, 0x00000000d5580000)
  object space 60928K, 14% used [0x0000000080000000,0x00000000808ddd30,0x0000000083b80000)
 Metaspace       used 32996K, capacity 34098K, committed 34352K, reserved 1079296K
  class space    used 4512K, capacity 4790K, committed 4912K, reserved 1048576K
}
Event: 5.410 GC heap before
{Heap before GC invocations=10 (full 1):
 PSYoungGen      total 112640K, used 36934K [0x00000000d5580000, 0x00000000dd100000, 0x0000000100000000)
  eden space 100864K, 27% used [0x00000000d5580000,0x00000000d7055728,0x00000000db800000)
  from space 11776K, 80% used [0x00000000dc400000,0x00000000dcd3c0f8,0x00000000dcf80000)
  to   space 12288K, 0% used [0x00000000db800000,0x00000000db800000,0x00000000dc400000)
 ParOldGen       total 60928K, used 9079K [0x0000000080000000, 0x0000000083b80000, 0x00000000d5580000)
  object space 60928K, 14% used [0x0000000080000000,0x00000000808ddd30,0x0000000083b80000)
 Metaspace       used 34331K, capacity 35404K, committed 35496K, reserved 1079296K
  class space    used 4724K, capacity 5003K, committed 5040K, reserved 1048576K
Event: 5.417 GC heap after
Heap after GC invocations=10 (full 1):
 PSYoungGen      total 113152K, used 8061K [0x00000000d5580000, 0x00000000df700000, 0x0000000100000000)
  eden space 100864K, 0% used [0x00000000d5580000,0x00000000d5580000,0x00000000db800000)
  from space 12288K, 65% used [0x00000000db800000,0x00000000dbfdf610,0x00000000dc400000)
  to   space 12288K, 0% used [0x00000000deb00000,0x00000000deb00000,0x00000000df700000)
 ParOldGen       total 60928K, used 9087K [0x0000000080000000, 0x0000000083b80000, 0x00000000d5580000)
  object space 60928K, 14% used [0x0000000080000000,0x00000000808dfd30,0x0000000083b80000)
 Metaspace       used 34331K, capacity 35404K, committed 35496K, reserved 1079296K
  class space    used 4724K, capacity 5003K, committed 5040K, reserved 1048576K
}
Event: 5.417 GC heap before
{Heap before GC invocations=11 (full 2):
 PSYoungGen      total 113152K, used 8061K [0x00000000d5580000, 0x00000000df700000, 0x0000000100000000)
  eden space 100864K, 0% used [0x00000000d5580000,0x00000000d5580000,0x00000000db800000)
  from space 12288K, 65% used [0x00000000db800000,0x00000000dbfdf610,0x00000000dc400000)
  to   space 12288K, 0% used [0x00000000deb00000,0x00000000deb00000,0x00000000df700000)
 ParOldGen       total 60928K, used 9087K [0x0000000080000000, 0x0000000083b80000, 0x00000000d5580000)
  object space 60928K, 14% used [0x0000000080000000,0x00000000808dfd30,0x0000000083b80000)
 Metaspace       used 34331K, capacity 35404K, committed 35496K, reserved 1079296K
  class space    used 4724K, capacity 5003K, committed 5040K, reserved 1048576K
Event: 5.455 GC heap after
Heap after GC invocations=11 (full 2):
 PSYoungGen      total 113152K, used 0K [0x00000000d5580000, 0x00000000df700000, 0x0000000100000000)
  eden space 100864K, 0% used [0x00000000d5580000,0x00000000d5580000,0x00000000db800000)
  from space 12288K, 0% used [0x00000000db800000,0x00000000db800000,0x00000000dc400000)
  to   space 12288K, 0% used [0x00000000deb00000,0x00000000deb00000,0x00000000df700000)
 ParOldGen       total 87552K, used 14447K [0x0000000080000000, 0x0000000085580000, 0x00000000d5580000)
  object space 87552K, 16% used [0x0000000080000000,0x0000000080e1bc90,0x0000000085580000)
 Metaspace       used 34331K, capacity 35404K, committed 35496K, reserved 1079296K
  class space    used 4724K, capacity 5003K, committed 5040K, reserved 1048576K
}
Event: 6.955 GC heap before
{Heap before GC invocations=12 (full 2):
 PSYoungGen      total 113152K, used 100864K [0x00000000d5580000, 0x00000000df700000, 0x0000000100000000)
  eden space 100864K, 100% used [0x00000000d5580000,0x00000000db800000,0x00000000db800000)
  from space 12288K, 0% used [0x00000000db800000,0x00000000db800000,0x00000000dc400000)
  to   space 12288K, 0% used [0x00000000deb00000,0x00000000deb00000,0x00000000df700000)
 ParOldGen       total 87552K, used 14447K [0x0000000080000000, 0x0000000085580000, 0x00000000d5580000)
  object space 87552K, 16% used [0x0000000080000000,0x0000000080e1bc90,0x0000000085580000)
 Metaspace       used 38106K, capacity 39836K, committed 39976K, reserved 1083392K
  class space    used 5255K, capacity 5620K, committed 5680K, reserved 1048576K
Event: 6.962 GC heap after
Heap after GC invocations=12 (full 2):
 PSYoungGen      total 140288K, used 7801K [0x00000000d5580000, 0x00000000df300000, 0x0000000100000000)
  eden space 132096K, 0% used [0x00000000d5580000,0x00000000d5580000,0x00000000dd680000)
  from space 8192K, 95% used [0x00000000deb00000,0x00000000df29e6b0,0x00000000df300000)
  to   space 11776K, 0% used [0x00000000ddc00000,0x00000000ddc00000,0x00000000de780000)
 ParOldGen       total 87552K, used 14455K [0x0000000080000000, 0x0000000085580000, 0x00000000d5580000)
  object space 87552K, 16% used [0x0000000080000000,0x0000000080e1dc90,0x0000000085580000)
 Metaspace       used 38106K, capacity 39836K, committed 39976K, reserved 1083392K
  class space    used 5255K, capacity 5620K, committed 5680K, reserved 1048576K
}
Event: 9.341 GC heap before
{Heap before GC invocations=13 (full 2):
 PSYoungGen      total 140288K, used 139897K [0x00000000d5580000, 0x00000000df300000, 0x0000000100000000)
  eden space 132096K, 100% used [0x00000000d5580000,0x00000000dd680000,0x00000000dd680000)
  from space 8192K, 95% used [0x00000000deb00000,0x00000000df29e6b0,0x00000000df300000)
  to   space 11776K, 0% used [0x00000000ddc00000,0x00000000ddc00000,0x00000000de780000)
 ParOldGen       total 87552K, used 14455K [0x0000000080000000, 0x0000000085580000, 0x00000000d5580000)
  object space 87552K, 16% used [0x0000000080000000,0x0000000080e1dc90,0x0000000085580000)
 Metaspace       used 50670K, capacity 52716K, committed 53160K, reserved 1095680K
  class space    used 6787K, capacity 7218K, committed 7344K, reserved 1048576K
Event: 9.358 GC heap after
Heap after GC invocations=13 (full 2):
 PSYoungGen      total 149504K, used 11748K [0x00000000d5580000, 0x00000000e1b80000, 0x0000000100000000)
  eden space 137728K, 0% used [0x00000000d5580000,0x00000000d5580000,0x00000000ddc00000)
  from space 11776K, 99% used [0x00000000ddc00000,0x00000000de779310,0x00000000de780000)
  to   space 16384K, 0% used [0x00000000e0b80000,0x00000000e0b80000,0x00000000e1b80000)
 ParOldGen       total 87552K, used 23416K [0x0000000080000000, 0x0000000085580000, 0x00000000d5580000)
  object space 87552K, 26% used [0x0000000080000000,0x00000000816de3e8,0x0000000085580000)
 Metaspace       used 50670K, capacity 52716K, committed 53160K, reserved 1095680K
  class space    used 6787K, capacity 7218K, committed 7344K, reserved 1048576K
}

